<?xml version="1.0" encoding="UTF-8"?>
<!-- Generated by org.testng.reporters.JUnitXMLReporter -->
<testsuite ignored="0" hostname="Nancy" failures="0" tests="2" name="Error handling peoject" time="20.397" errors="0" timestamp="2024-05-05T19:56:29 IST">
  <testcase classname="rahulshettyacademy.pageobjects.Errorhandlingproject" name="ProductErrorValidation" time="3.133"/>
  <testcase classname="rahulshettyacademy.pageobjects.Errorhandlingproject" name="submitOrder" time="0.941"/>
</testsuite> <!-- Error handling peoject -->
