<?xml version="1.0" encoding="UTF-8"?>
<!-- Generated by org.testng.reporters.JUnitXMLReporter -->
<testsuite ignored="0" hostname="Nancy" failures="0" tests="3" name="Submit order Project" time="61.265" errors="0" timestamp="2024-05-06T11:47:33 IST">
  <testcase classname="rahulshettyacademy.pageobjects.Submitorderproject" name="submitOrder" time="7.233"/>
  <testcase classname="rahulshettyacademy.pageobjects.Submitorderproject" name="submitOrder" time="6.647"/>
  <testcase classname="rahulshettyacademy.pageobjects.Submitorderproject" name="OrderHistoryTest" time="3.12"/>
</testsuite> <!-- Submit order Project -->
